0 info it worked if it ends with ok
1 verbose cli [ '/usr/local/bin/node',
1 verbose cli   '/Users/timsuchanek/npm-global/bin/npm',
1 verbose cli   'publish' ]
2 info using npm@3.10.3
3 info using node@v7.9.0
4 verbose publish [ '.' ]
5 silly cache add args [ '.', null ]
6 verbose cache add spec .
7 silly cache add parsed spec Result {
7 silly cache add   raw: '.',
7 silly cache add   scope: null,
7 silly cache add   escapedName: null,
7 silly cache add   name: null,
7 silly cache add   rawSpec: '.',
7 silly cache add   spec: '/Users/timsuchanek/code/graphcool/chromeless',
7 silly cache add   type: 'directory' }
8 verbose addLocalDirectory /Users/timsuchanek/.npm/chromeless/0.1.12/package.tgz not in flight; packing
9 verbose correctMkdir /Users/timsuchanek/.npm correctMkdir not in flight; initializing
10 info lifecycle chromeless@0.1.12~prepublish: chromeless@0.1.12
11 verbose lifecycle chromeless@0.1.12~prepublish: unsafe-perm in lifecycle true
12 verbose lifecycle chromeless@0.1.12~prepublish: PATH: /Users/timsuchanek/npm-global/lib/node_modules/npm/bin/node-gyp-bin:/Users/timsuchanek/code/graphcool/chromeless/node_modules/.bin:/usr/local/bin:/Library/Frameworks/Python.framework/Versions/3.5/bin:/Users/timsuchanek/code:/Users/timsuchanek/code/go-ethereum/build/bin:/usr/local/go/bin:/Users/timsuchanek/npm-global/bin:/usr/local/bin:/usr/bin:/bin:/usr/sbin:/sbin:/opt/X11/bin:/usr/local/go/bin:/Applications/Wireshark.app/Contents/MacOS
13 verbose lifecycle chromeless@0.1.12~prepublish: CWD: /Users/timsuchanek/code/graphcool/chromeless
14 silly lifecycle chromeless@0.1.12~prepublish: Args: [ '-c', 'npm run tslint; npm run dist' ]
15 silly lifecycle chromeless@0.1.12~prepublish: Returned: code: 0  signal: null
16 verbose tar pack [ '/Users/timsuchanek/.npm/chromeless/0.1.12/package.tgz',
16 verbose tar pack   '/Users/timsuchanek/code/graphcool/chromeless' ]
17 verbose tarball /Users/timsuchanek/.npm/chromeless/0.1.12/package.tgz
18 verbose folder /Users/timsuchanek/code/graphcool/chromeless
19 verbose addLocalTarball adding from inside cache /Users/timsuchanek/.npm/chromeless/0.1.12/package.tgz
20 verbose correctMkdir /Users/timsuchanek/.npm correctMkdir not in flight; initializing
21 silly cache afterAdd chromeless@0.1.12
22 verbose afterAdd /Users/timsuchanek/.npm/chromeless/0.1.12/package/package.json not in flight; writing
23 verbose correctMkdir /Users/timsuchanek/.npm correctMkdir not in flight; initializing
24 verbose afterAdd /Users/timsuchanek/.npm/chromeless/0.1.12/package/package.json written
25 silly publish { name: 'chromeless',
25 silly publish   version: '0.1.12',
25 silly publish   author: { name: 'Tim Suchanek', email: 'tim.suchanek@gmail.com' },
25 silly publish   main: 'lib/index.js',
25 silly publish   typings: 'lib/index',
25 silly publish   directories: { lib: 'lib' },
25 silly publish   license: 'MIT',
25 silly publish   devDependencies:
25 silly publish    { '@types/node': '^7.0.27',
25 silly publish      ava: '^0.19.1',
25 silly publish      tslint: '^5.3.2',
25 silly publish      typescript: '^2.3.4' },
25 silly publish   scripts:
25 silly publish    { start: 'npm run build; node lib/index.js',
25 silly publish      watch: 'tsc -w',
25 silly publish      build: 'tsc',
25 silly publish      dist: 'tsc -d',
25 silly publish      prepublish: 'npm run tslint; npm run dist',
25 silly publish      tslint: 'tslint -c tslint.json -p tsconfig.json',
25 silly publish      bump: 'npm version patch --no-git-tag-version && git add package.json' },
25 silly publish   dependencies:
25 silly publish    { '@types/aws-sdk': '^2.7.0',
25 silly publish      'aws-sdk': '^2.65.0',
25 silly publish      'chrome-remote-interface': '^0.23.0',
25 silly publish      'form-data': '^2.1.4',
25 silly publish      'isomorphic-fetch': '^2.2.1' },
25 silly publish   readme: '# chromeless\n\n## Installation\n```sh\nnpm install chromeless\n```\n\n## Usage\n```js\nimport Chromeless from \'chromeless\'\n\nconst chromeless = new Chromeless()\n\nchromeless\n    .goto(\'https://console.graph.cool/signup\')\n    .type(\'#email\', \'test@account.com\')\n    .type(\'#password\', \'secret password\')\n    .click(\'submit\')\n    .wait(\'.graphcool-console\')\n    .evaluate(() => {\n        return document.querySelector(\'.title\').text;\n    })\n    .end()\n    .then((title) => {\n        console.log(\'title\', title)\n    })\n    .catch((error) => {\n        console.error(\'test failed\', error)\n    })\n```',
25 silly publish   readmeFilename: 'README.md',
25 silly publish   gitHead: 'b2e8b1397838d79cff8fe416e9105c88e0817b51',
25 silly publish   description: '## Installation ```sh npm install chromeless ```',
25 silly publish   _id: 'chromeless@0.1.12',
25 silly publish   _shasum: '0eb3cd625cc7376fae743a7fd1f9fd71b2b2c1e0',
25 silly publish   _from: '.' }
26 verbose getPublishConfig undefined
27 silly mapToRegistry name chromeless
28 silly mapToRegistry using default registry
29 silly mapToRegistry registry https://registry.npmjs.org/
30 silly mapToRegistry data Result {
30 silly mapToRegistry   raw: 'chromeless',
30 silly mapToRegistry   scope: null,
30 silly mapToRegistry   escapedName: 'chromeless',
30 silly mapToRegistry   name: 'chromeless',
30 silly mapToRegistry   rawSpec: '',
30 silly mapToRegistry   spec: 'latest',
30 silly mapToRegistry   type: 'tag' }
31 silly mapToRegistry uri https://registry.npmjs.org/chromeless
32 verbose publish registryBase https://registry.npmjs.org/
33 silly publish uploading /Users/timsuchanek/.npm/chromeless/0.1.12/package.tgz
34 verbose request uri https://registry.npmjs.org/chromeless
35 verbose request sending authorization for write operation
36 info attempt registry request try #1 at 4:34:29 PM
37 verbose request using bearer token for auth
38 verbose request id 00f0d908c224aa36
39 http request PUT https://registry.npmjs.org/chromeless
40 http 401 https://registry.npmjs.org/chromeless
41 verbose headers { 'content-type': 'application/json',
41 verbose headers   'cache-control': 'max-age=300',
41 verbose headers   'content-length': '53',
41 verbose headers   'accept-ranges': 'bytes',
41 verbose headers   date: 'Wed, 14 Jun 2017 14:34:30 GMT',
41 verbose headers   via: '1.1 varnish',
41 verbose headers   connection: 'keep-alive',
41 verbose headers   'x-served-by': 'cache-hhn1546-HHN',
41 verbose headers   'x-cache': 'MISS',
41 verbose headers   'x-cache-hits': '0',
41 verbose headers   'x-timer': 'S1497450869.382778,VS0,VE748',
41 verbose headers   vary: 'Accept-Encoding' }
42 verbose request invalidating /Users/timsuchanek/.npm/registry.npmjs.org/chromeless on PUT
43 error publish Failed PUT 401
44 verbose stack Error: You must be logged in to publish packages : chromeless
44 verbose stack     at makeError (/Users/timsuchanek/npm-global/lib/node_modules/npm/node_modules/npm-registry-client/lib/request.js:264:12)
44 verbose stack     at CachingRegistryClient.<anonymous> (/Users/timsuchanek/npm-global/lib/node_modules/npm/node_modules/npm-registry-client/lib/request.js:252:14)
44 verbose stack     at Request._callback (/Users/timsuchanek/npm-global/lib/node_modules/npm/node_modules/npm-registry-client/lib/request.js:172:14)
44 verbose stack     at Request.self.callback (/Users/timsuchanek/npm-global/lib/node_modules/npm/node_modules/request/request.js:200:22)
44 verbose stack     at emitTwo (events.js:106:13)
44 verbose stack     at Request.emit (events.js:194:7)
44 verbose stack     at Request.<anonymous> (/Users/timsuchanek/npm-global/lib/node_modules/npm/node_modules/request/request.js:1067:10)
44 verbose stack     at emitOne (events.js:101:20)
44 verbose stack     at Request.emit (events.js:191:7)
44 verbose stack     at IncomingMessage.<anonymous> (/Users/timsuchanek/npm-global/lib/node_modules/npm/node_modules/request/request.js:988:12)
45 verbose statusCode 401
46 verbose pkgid chromeless
47 verbose cwd /Users/timsuchanek/code/graphcool/chromeless
48 error Darwin 16.0.0
49 error argv "/usr/local/bin/node" "/Users/timsuchanek/npm-global/bin/npm" "publish"
50 error node v7.9.0
51 error npm  v3.10.3
52 error code E401
53 error You must be logged in to publish packages : chromeless
54 error If you need help, you may report this error at:
54 error     <https://github.com/npm/npm/issues>
55 verbose exit [ 1, true ]
